2023-04-01 21:39:39,599 - /home/lames/code/Gcode/FedGraph/main1.py[line:165] - ERROR: 26
2023-04-01 21:40:24,384 - /home/lames/code/Gcode/FedGraph/ServerManager.py[line:110] - ERROR: client_num: 2 round: 20 epoch: 20  acc: [0.154, 0.469, 0.469, 0.651, 0.651, 0.642, 0.642, 0.655, 0.655, 0.645, 0.645, 0.647, 0.647, 0.661, 0.661, 0.656, 0.656, 0.635, 0.635, 0.644, 0.644, 0.643, 0.643, 0.649, 0.649, 0.661, 0.661, 0.656, 0.656, 0.658, 0.658, 0.653, 0.653, 0.635, 0.635, 0.637, 0.637, 0.626, 0.626, 0.634, 0.634]  max_acc: 0.661
2023-04-01 21:40:26,064 - /home/lames/code/Gcode/FedGraph/main1.py[line:165] - ERROR: 58
2023-04-01 21:41:46,853 - /home/lames/code/Gcode/FedGraph/ServerManager.py[line:110] - ERROR: client_num: 4 round: 20 epoch: 20  acc: [0.232, 0.275, 0.275, 0.438, 0.438, 0.521, 0.521, 0.543, 0.543, 0.537, 0.537, 0.566, 0.566, 0.547, 0.547, 0.596, 0.596, 0.6, 0.6, 0.594, 0.594, 0.6, 0.6, 0.582, 0.582, 0.6, 0.6, 0.577, 0.577, 0.538, 0.538, 0.569, 0.569, 0.601, 0.601, 0.582, 0.582, 0.609, 0.609, 0.572, 0.572]  max_acc: 0.609
2023-04-01 21:41:48,911 - /home/lames/code/Gcode/FedGraph/main1.py[line:165] - ERROR: 130
2023-04-01 21:43:49,278 - /home/lames/code/Gcode/FedGraph/ServerManager.py[line:110] - ERROR: client_num: 6 round: 20 epoch: 20  acc: [0.104, 0.449, 0.449, 0.426, 0.426, 0.6, 0.6, 0.585, 0.585, 0.592, 0.592, 0.626, 0.626, 0.634, 0.634, 0.608, 0.608, 0.601, 0.601, 0.613, 0.613, 0.616, 0.616, 0.649, 0.649, 0.624, 0.624, 0.651, 0.651, 0.637, 0.637, 0.592, 0.592, 0.653, 0.653, 0.618, 0.618, 0.618, 0.618, 0.642, 0.642]  max_acc: 0.653
2023-04-01 21:43:51,644 - /home/lames/code/Gcode/FedGraph/main1.py[line:165] - ERROR: 172
2023-04-01 21:46:31,821 - /home/lames/code/Gcode/FedGraph/ServerManager.py[line:110] - ERROR: client_num: 8 round: 20 epoch: 20  acc: [0.122, 0.46, 0.46, 0.555, 0.555, 0.551, 0.551, 0.591, 0.591, 0.641, 0.641, 0.588, 0.588, 0.644, 0.644, 0.603, 0.603, 0.651, 0.651, 0.627, 0.627, 0.652, 0.652, 0.611, 0.611, 0.664, 0.664, 0.524, 0.524, 0.667, 0.667, 0.526, 0.526, 0.642, 0.642, 0.544, 0.544, 0.643, 0.643, 0.525, 0.525]  max_acc: 0.667
2023-04-01 21:46:34,406 - /home/lames/code/Gcode/FedGraph/main1.py[line:165] - ERROR: 204
2023-04-01 21:49:54,322 - /home/lames/code/Gcode/FedGraph/ServerManager.py[line:110] - ERROR: client_num: 10 round: 20 epoch: 20  acc: [0.182, 0.33, 0.33, 0.508, 0.508, 0.576, 0.576, 0.616, 0.616, 0.543, 0.543, 0.611, 0.611, 0.593, 0.593, 0.568, 0.568, 0.552, 0.552, 0.618, 0.618, 0.55, 0.55, 0.583, 0.583, 0.549, 0.549, 0.596, 0.596, 0.613, 0.613, 0.561, 0.561, 0.606, 0.606, 0.527, 0.527, 0.594, 0.594, 0.524, 0.524]  max_acc: 0.618
2023-04-01 21:49:57,452 - /home/lames/code/Gcode/FedGraph/main1.py[line:165] - ERROR: 224
2023-04-01 21:53:57,831 - /home/lames/code/Gcode/FedGraph/ServerManager.py[line:110] - ERROR: client_num: 12 round: 20 epoch: 20  acc: [0.177, 0.407, 0.407, 0.415, 0.415, 0.545, 0.545, 0.568, 0.568, 0.597, 0.597, 0.611, 0.611, 0.59, 0.59, 0.594, 0.594, 0.61, 0.61, 0.606, 0.606, 0.576, 0.576, 0.603, 0.603, 0.577, 0.577, 0.626, 0.626, 0.567, 0.567, 0.64, 0.64, 0.536, 0.536, 0.638, 0.638, 0.536, 0.536, 0.63, 0.63]  max_acc: 0.64
2023-04-01 21:54:01,642 - /home/lames/code/Gcode/FedGraph/main1.py[line:165] - ERROR: 253
2023-04-01 21:58:42,141 - /home/lames/code/Gcode/FedGraph/ServerManager.py[line:110] - ERROR: client_num: 14 round: 20 epoch: 20  acc: [0.196, 0.244, 0.244, 0.467, 0.467, 0.528, 0.528, 0.518, 0.518, 0.615, 0.615, 0.522, 0.522, 0.628, 0.628, 0.568, 0.568, 0.635, 0.635, 0.548, 0.548, 0.617, 0.617, 0.558, 0.558, 0.586, 0.586, 0.522, 0.522, 0.519, 0.519, 0.476, 0.476, 0.524, 0.524, 0.478, 0.478, 0.561, 0.561, 0.459, 0.459]  max_acc: 0.635
2023-04-01 21:58:46,520 - /home/lames/code/Gcode/FedGraph/main1.py[line:165] - ERROR: 306
2023-04-01 22:04:07,557 - /home/lames/code/Gcode/FedGraph/ServerManager.py[line:110] - ERROR: client_num: 16 round: 20 epoch: 20  acc: [0.136, 0.176, 0.176, 0.515, 0.515, 0.57, 0.57, 0.543, 0.543, 0.601, 0.601, 0.564, 0.564, 0.58, 0.58, 0.564, 0.564, 0.587, 0.587, 0.573, 0.573, 0.603, 0.603, 0.544, 0.544, 0.601, 0.601, 0.58, 0.58, 0.599, 0.599, 0.575, 0.575, 0.555, 0.555, 0.577, 0.577, 0.54, 0.54, 0.574, 0.574]  max_acc: 0.603
2023-04-01 22:04:12,338 - /home/lames/code/Gcode/FedGraph/main1.py[line:165] - ERROR: 324
2023-04-01 22:10:14,118 - /home/lames/code/Gcode/FedGraph/ServerManager.py[line:110] - ERROR: client_num: 18 round: 20 epoch: 20  acc: [0.091, 0.28, 0.28, 0.463, 0.463, 0.4, 0.4, 0.533, 0.533, 0.481, 0.481, 0.557, 0.557, 0.518, 0.518, 0.56, 0.56, 0.537, 0.537, 0.604, 0.604, 0.538, 0.538, 0.584, 0.584, 0.519, 0.519, 0.581, 0.581, 0.47, 0.47, 0.632, 0.632, 0.542, 0.542, 0.668, 0.668, 0.509, 0.509, 0.676, 0.676]  max_acc: 0.676
2023-04-01 22:10:19,494 - /home/lames/code/Gcode/FedGraph/main1.py[line:165] - ERROR: 338
2023-04-01 22:17:01,543 - /home/lames/code/Gcode/FedGraph/ServerManager.py[line:110] - ERROR: client_num: 20 round: 20 epoch: 20  acc: [0.211, 0.301, 0.301, 0.608, 0.608, 0.556, 0.556, 0.597, 0.597, 0.645, 0.645, 0.604, 0.604, 0.601, 0.601, 0.609, 0.609, 0.607, 0.607, 0.605, 0.605, 0.56, 0.56, 0.612, 0.612, 0.579, 0.579, 0.607, 0.607, 0.583, 0.583, 0.639, 0.639, 0.599, 0.599, 0.608, 0.608, 0.546, 0.546, 0.535, 0.535]  max_acc: 0.645
2023-04-01 22:17:07,916 - /home/lames/code/Gcode/FedGraph/main1.py[line:165] - ERROR: 365
2023-04-01 22:24:30,732 - /home/lames/code/Gcode/FedGraph/ServerManager.py[line:110] - ERROR: client_num: 22 round: 20 epoch: 20  acc: [0.157, 0.384, 0.384, 0.422, 0.422, 0.427, 0.427, 0.511, 0.511, 0.521, 0.521, 0.488, 0.488, 0.564, 0.564, 0.566, 0.566, 0.59, 0.59, 0.474, 0.474, 0.547, 0.547, 0.511, 0.511, 0.586, 0.586, 0.489, 0.489, 0.513, 0.513, 0.349, 0.349, 0.495, 0.495, 0.311, 0.311, 0.453, 0.453, 0.431, 0.431]  max_acc: 0.59
2023-04-01 22:24:36,922 - /home/lames/code/Gcode/FedGraph/main1.py[line:165] - ERROR: 361
2023-04-01 22:32:40,917 - /home/lames/code/Gcode/FedGraph/ServerManager.py[line:110] - ERROR: client_num: 24 round: 20 epoch: 20  acc: [0.181, 0.313, 0.313, 0.44, 0.44, 0.579, 0.579, 0.631, 0.631, 0.598, 0.598, 0.581, 0.581, 0.666, 0.666, 0.633, 0.633, 0.671, 0.671, 0.561, 0.561, 0.654, 0.654, 0.593, 0.593, 0.643, 0.643, 0.573, 0.573, 0.528, 0.528, 0.526, 0.526, 0.594, 0.594, 0.557, 0.557, 0.506, 0.506, 0.517, 0.517]  max_acc: 0.671
2023-04-01 22:32:47,860 - /home/lames/code/Gcode/FedGraph/main1.py[line:165] - ERROR: 387
2023-04-01 22:41:31,085 - /home/lames/code/Gcode/FedGraph/ServerManager.py[line:110] - ERROR: client_num: 26 round: 20 epoch: 20  acc: [0.192, 0.395, 0.395, 0.574, 0.574, 0.592, 0.592, 0.622, 0.622, 0.603, 0.603, 0.636, 0.636, 0.618, 0.618, 0.618, 0.618, 0.643, 0.643, 0.645, 0.645, 0.566, 0.566, 0.645, 0.645, 0.564, 0.564, 0.609, 0.609, 0.581, 0.581, 0.608, 0.608, 0.496, 0.496, 0.576, 0.576, 0.474, 0.474, 0.571, 0.571]  max_acc: 0.645
2023-04-01 22:41:38,275 - /home/lames/code/Gcode/FedGraph/main1.py[line:165] - ERROR: 394
2023-04-01 22:51:02,391 - /home/lames/code/Gcode/FedGraph/ServerManager.py[line:110] - ERROR: client_num: 28 round: 20 epoch: 20  acc: [0.107, 0.455, 0.455, 0.452, 0.452, 0.505, 0.505, 0.533, 0.533, 0.522, 0.522, 0.463, 0.463, 0.537, 0.537, 0.507, 0.507, 0.493, 0.493, 0.519, 0.519, 0.518, 0.518, 0.494, 0.494, 0.528, 0.528, 0.493, 0.493, 0.506, 0.506, 0.503, 0.503, 0.504, 0.504, 0.466, 0.466, 0.504, 0.504, 0.517, 0.517]  max_acc: 0.537
2023-04-01 22:51:09,952 - /home/lames/code/Gcode/FedGraph/main1.py[line:165] - ERROR: 405
2023-04-01 23:01:15,825 - /home/lames/code/Gcode/FedGraph/ServerManager.py[line:110] - ERROR: client_num: 30 round: 20 epoch: 20  acc: [0.086, 0.489, 0.489, 0.435, 0.435, 0.493, 0.493, 0.467, 0.467, 0.486, 0.486, 0.458, 0.458, 0.477, 0.477, 0.471, 0.471, 0.49, 0.49, 0.483, 0.483, 0.449, 0.449, 0.518, 0.518, 0.458, 0.458, 0.508, 0.508, 0.562, 0.562, 0.539, 0.539, 0.581, 0.581, 0.566, 0.566, 0.598, 0.598, 0.575, 0.575]  max_acc: 0.598
2023-04-01 23:01:24,060 - /home/lames/code/Gcode/FedGraph/main1.py[line:165] - ERROR: 431
2023-04-01 23:12:10,288 - /home/lames/code/Gcode/FedGraph/ServerManager.py[line:110] - ERROR: client_num: 32 round: 20 epoch: 20  acc: [0.098, 0.234, 0.234, 0.305, 0.305, 0.364, 0.364, 0.363, 0.363, 0.384, 0.384, 0.425, 0.425, 0.404, 0.404, 0.443, 0.443, 0.47, 0.47, 0.519, 0.519, 0.476, 0.476, 0.5, 0.5, 0.503, 0.503, 0.567, 0.567, 0.542, 0.542, 0.571, 0.571, 0.535, 0.535, 0.55, 0.55, 0.583, 0.583, 0.581, 0.581]  max_acc: 0.583
2023-04-01 23:12:19,613 - /home/lames/code/Gcode/FedGraph/main1.py[line:165] - ERROR: 459
2023-04-01 23:23:46,729 - /home/lames/code/Gcode/FedGraph/ServerManager.py[line:110] - ERROR: client_num: 34 round: 20 epoch: 20  acc: [0.124, 0.47, 0.47, 0.323, 0.323, 0.485, 0.485, 0.572, 0.572, 0.578, 0.578, 0.565, 0.565, 0.58, 0.58, 0.593, 0.593, 0.632, 0.632, 0.577, 0.577, 0.605, 0.605, 0.603, 0.603, 0.623, 0.623, 0.622, 0.622, 0.601, 0.601, 0.626, 0.626, 0.624, 0.624, 0.617, 0.617, 0.593, 0.593, 0.613, 0.613]  max_acc: 0.632
2023-04-01 23:23:56,909 - /home/lames/code/Gcode/FedGraph/main1.py[line:165] - ERROR: 445
2023-04-01 23:36:04,990 - /home/lames/code/Gcode/FedGraph/ServerManager.py[line:110] - ERROR: client_num: 36 round: 20 epoch: 20  acc: [0.186, 0.29, 0.29, 0.326, 0.326, 0.556, 0.556, 0.616, 0.616, 0.607, 0.607, 0.609, 0.609, 0.598, 0.598, 0.576, 0.576, 0.585, 0.585, 0.58, 0.58, 0.528, 0.528, 0.55, 0.55, 0.549, 0.549, 0.582, 0.582, 0.576, 0.576, 0.577, 0.577, 0.589, 0.589, 0.591, 0.591, 0.576, 0.576, 0.61, 0.61]  max_acc: 0.616
2023-04-01 23:36:15,099 - /home/lames/code/Gcode/FedGraph/main1.py[line:165] - ERROR: 472
2023-04-01 23:49:04,222 - /home/lames/code/Gcode/FedGraph/ServerManager.py[line:110] - ERROR: client_num: 38 round: 20 epoch: 20  acc: [0.2, 0.189, 0.189, 0.206, 0.206, 0.257, 0.257, 0.309, 0.309, 0.336, 0.336, 0.344, 0.344, 0.353, 0.353, 0.353, 0.353, 0.391, 0.391, 0.41, 0.41, 0.376, 0.376, 0.358, 0.358, 0.4, 0.4, 0.389, 0.389, 0.427, 0.427, 0.46, 0.46, 0.43, 0.43, 0.453, 0.453, 0.513, 0.513, 0.446, 0.446]  max_acc: 0.513
2023-04-01 23:49:14,992 - /home/lames/code/Gcode/FedGraph/main1.py[line:165] - ERROR: 481
2023-04-02 00:02:43,347 - /home/lames/code/Gcode/FedGraph/ServerManager.py[line:110] - ERROR: client_num: 40 round: 20 epoch: 20  acc: [0.226, 0.409, 0.409, 0.386, 0.386, 0.395, 0.395, 0.498, 0.498, 0.579, 0.579, 0.531, 0.531, 0.433, 0.433, 0.469, 0.469, 0.339, 0.339, 0.432, 0.432, 0.201, 0.201, 0.369, 0.369, 0.265, 0.265, 0.349, 0.349, 0.187, 0.187, 0.413, 0.413, 0.355, 0.355, 0.423, 0.423, 0.429, 0.429, 0.368, 0.368]  max_acc: 0.579
2023-04-02 00:02:53,786 - /home/lames/code/Gcode/FedGraph/main1.py[line:165] - ERROR: 492
2023-04-02 00:17:03,065 - /home/lames/code/Gcode/FedGraph/ServerManager.py[line:110] - ERROR: client_num: 42 round: 20 epoch: 20  acc: [0.225, 0.089, 0.089, 0.099, 0.099, 0.097, 0.097, 0.133, 0.133, 0.159, 0.159, 0.19, 0.19, 0.25, 0.25, 0.404, 0.404, 0.249, 0.249, 0.328, 0.328, 0.328, 0.328, 0.408, 0.408, 0.37, 0.37, 0.418, 0.418, 0.408, 0.408, 0.372, 0.372, 0.406, 0.406, 0.41, 0.41, 0.414, 0.414, 0.392, 0.392]  max_acc: 0.418
2023-04-02 00:17:13,646 - /home/lames/code/Gcode/FedGraph/main1.py[line:165] - ERROR: 486
2023-04-02 00:32:06,064 - /home/lames/code/Gcode/FedGraph/ServerManager.py[line:110] - ERROR: client_num: 44 round: 20 epoch: 20  acc: [0.222, 0.561, 0.561, 0.575, 0.575, 0.463, 0.463, 0.434, 0.434, 0.423, 0.423, 0.403, 0.403, 0.391, 0.391, 0.383, 0.383, 0.396, 0.396, 0.354, 0.354, 0.314, 0.314, 0.367, 0.367, 0.298, 0.298, 0.325, 0.325, 0.303, 0.303, 0.276, 0.276, 0.282, 0.282, 0.328, 0.328, 0.257, 0.257, 0.291, 0.291]  max_acc: 0.575
2023-04-02 00:32:18,233 - /home/lames/code/Gcode/FedGraph/main1.py[line:165] - ERROR: 501
2023-04-02 00:47:51,844 - /home/lames/code/Gcode/FedGraph/ServerManager.py[line:110] - ERROR: client_num: 46 round: 20 epoch: 20  acc: [0.195, 0.297, 0.297, 0.362, 0.362, 0.346, 0.346, 0.554, 0.554, 0.438, 0.438, 0.592, 0.592, 0.523, 0.523, 0.637, 0.637, 0.582, 0.582, 0.586, 0.586, 0.61, 0.61, 0.638, 0.638, 0.605, 0.605, 0.63, 0.63, 0.632, 0.632, 0.637, 0.637, 0.623, 0.623, 0.613, 0.613, 0.632, 0.632, 0.673, 0.673]  max_acc: 0.673
2023-04-02 00:48:04,128 - /home/lames/code/Gcode/FedGraph/main1.py[line:165] - ERROR: 539
2023-04-02 01:04:19,304 - /home/lames/code/Gcode/FedGraph/ServerManager.py[line:110] - ERROR: client_num: 48 round: 20 epoch: 20  acc: [0.12, 0.252, 0.252, 0.191, 0.191, 0.194, 0.194, 0.249, 0.249, 0.185, 0.185, 0.259, 0.259, 0.269, 0.269, 0.241, 0.241, 0.289, 0.289, 0.306, 0.306, 0.295, 0.295, 0.381, 0.381, 0.344, 0.344, 0.383, 0.383, 0.399, 0.399, 0.395, 0.395, 0.387, 0.387, 0.424, 0.424, 0.412, 0.412, 0.428, 0.428]  max_acc: 0.428
2023-04-02 01:04:32,493 - /home/lames/code/Gcode/FedGraph/main1.py[line:165] - ERROR: 542
2023-04-02 01:21:29,363 - /home/lames/code/Gcode/FedGraph/ServerManager.py[line:110] - ERROR: client_num: 50 round: 20 epoch: 20  acc: [0.107, 0.368, 0.368, 0.432, 0.432, 0.455, 0.455, 0.477, 0.477, 0.45, 0.45, 0.336, 0.336, 0.348, 0.348, 0.333, 0.333, 0.285, 0.285, 0.297, 0.297, 0.307, 0.307, 0.318, 0.318, 0.282, 0.282, 0.312, 0.312, 0.326, 0.326, 0.317, 0.317, 0.324, 0.324, 0.311, 0.311, 0.316, 0.316, 0.36, 0.36]  max_acc: 0.477
2023-04-02 01:21:42,686 - /home/lames/code/Gcode/FedGraph/main1.py[line:165] - ERROR: 549
2023-04-02 01:39:19,391 - /home/lames/code/Gcode/FedGraph/ServerManager.py[line:110] - ERROR: client_num: 52 round: 20 epoch: 20  acc: [0.182, 0.241, 0.241, 0.28, 0.28, 0.172, 0.172, 0.081, 0.081, 0.083, 0.083, 0.085, 0.085, 0.082, 0.082, 0.099, 0.099, 0.086, 0.086, 0.1, 0.1, 0.098, 0.098, 0.106, 0.106, 0.095, 0.095, 0.101, 0.101, 0.1, 0.1, 0.092, 0.092, 0.101, 0.101, 0.085, 0.085, 0.098, 0.098, 0.093, 0.093]  max_acc: 0.28
2023-04-02 01:39:32,768 - /home/lames/code/Gcode/FedGraph/main1.py[line:165] - ERROR: 588
2023-04-02 01:57:53,269 - /home/lames/code/Gcode/FedGraph/ServerManager.py[line:110] - ERROR: client_num: 54 round: 20 epoch: 20  acc: [0.178, 0.407, 0.407, 0.452, 0.452, 0.489, 0.489, 0.396, 0.396, 0.289, 0.289, 0.238, 0.238, 0.216, 0.216, 0.123, 0.123, 0.106, 0.106, 0.146, 0.146, 0.168, 0.168, 0.179, 0.179, 0.179, 0.179, 0.171, 0.171, 0.175, 0.175, 0.175, 0.175, 0.178, 0.178, 0.173, 0.173, 0.179, 0.179, 0.178, 0.178]  max_acc: 0.489
2023-04-02 01:58:07,447 - /home/lames/code/Gcode/FedGraph/main1.py[line:165] - ERROR: 567
2023-04-02 02:17:09,918 - /home/lames/code/Gcode/FedGraph/ServerManager.py[line:110] - ERROR: client_num: 56 round: 20 epoch: 20  acc: [0.17, 0.322, 0.322, 0.36, 0.36, 0.417, 0.417, 0.215, 0.215, 0.191, 0.191, 0.181, 0.181, 0.174, 0.174, 0.2, 0.2, 0.191, 0.191, 0.202, 0.202, 0.259, 0.259, 0.248, 0.248, 0.248, 0.248, 0.279, 0.279, 0.28, 0.28, 0.292, 0.292, 0.349, 0.349, 0.303, 0.303, 0.314, 0.314, 0.331, 0.331]  max_acc: 0.417
2023-04-02 02:17:24,784 - /home/lames/code/Gcode/FedGraph/main1.py[line:165] - ERROR: 596
2023-04-02 02:37:06,454 - /home/lames/code/Gcode/FedGraph/ServerManager.py[line:110] - ERROR: client_num: 58 round: 20 epoch: 20  acc: [0.167, 0.357, 0.357, 0.276, 0.276, 0.403, 0.403, 0.353, 0.353, 0.365, 0.365, 0.372, 0.372, 0.439, 0.439, 0.432, 0.432, 0.378, 0.378, 0.395, 0.395, 0.432, 0.432, 0.41, 0.41, 0.39, 0.39, 0.385, 0.385, 0.389, 0.389, 0.403, 0.403, 0.378, 0.378, 0.378, 0.378, 0.387, 0.387, 0.353, 0.353]  max_acc: 0.439
2023-04-02 02:37:21,246 - /home/lames/code/Gcode/FedGraph/main1.py[line:165] - ERROR: 581
2023-04-02 02:57:49,048 - /home/lames/code/Gcode/FedGraph/ServerManager.py[line:110] - ERROR: client_num: 60 round: 20 epoch: 20  acc: [0.22, 0.37, 0.37, 0.352, 0.352, 0.413, 0.413, 0.365, 0.365, 0.341, 0.341, 0.353, 0.353, 0.324, 0.324, 0.261, 0.261, 0.249, 0.249, 0.218, 0.218, 0.182, 0.182, 0.174, 0.174, 0.193, 0.193, 0.162, 0.162, 0.164, 0.164, 0.164, 0.164, 0.163, 0.163, 0.162, 0.162, 0.162, 0.162, 0.167, 0.167]  max_acc: 0.413
2023-04-02 02:58:04,448 - /home/lames/code/Gcode/FedGraph/main1.py[line:165] - ERROR: 579
2023-04-02 03:19:13,017 - /home/lames/code/Gcode/FedGraph/ServerManager.py[line:110] - ERROR: client_num: 62 round: 20 epoch: 20  acc: [0.191, 0.409, 0.409, 0.456, 0.456, 0.366, 0.366, 0.307, 0.307, 0.198, 0.198, 0.228, 0.228, 0.247, 0.247, 0.29, 0.29, 0.259, 0.259, 0.25, 0.25, 0.189, 0.189, 0.182, 0.182, 0.165, 0.165, 0.162, 0.162, 0.16, 0.16, 0.16, 0.16, 0.16, 0.16, 0.161, 0.161, 0.162, 0.162, 0.16, 0.16]  max_acc: 0.456
2023-04-02 03:19:28,906 - /home/lames/code/Gcode/FedGraph/main1.py[line:165] - ERROR: 599
2023-04-02 03:41:19,190 - /home/lames/code/Gcode/FedGraph/ServerManager.py[line:110] - ERROR: client_num: 64 round: 20 epoch: 20  acc: [0.289, 0.293, 0.293, 0.401, 0.401, 0.299, 0.299, 0.191, 0.191, 0.182, 0.182, 0.182, 0.182, 0.182, 0.182, 0.182, 0.182, 0.182, 0.182, 0.182, 0.182, 0.183, 0.183, 0.182, 0.182, 0.182, 0.182, 0.182, 0.182, 0.186, 0.186, 0.197, 0.197, 0.233, 0.233, 0.261, 0.261, 0.253, 0.253, 0.261, 0.261]  max_acc: 0.401
2023-04-02 03:41:35,272 - /home/lames/code/Gcode/FedGraph/main1.py[line:165] - ERROR: 633
2023-04-02 04:04:07,951 - /home/lames/code/Gcode/FedGraph/ServerManager.py[line:110] - ERROR: client_num: 66 round: 20 epoch: 20  acc: [0.121, 0.412, 0.412, 0.305, 0.305, 0.313, 0.313, 0.3, 0.3, 0.379, 0.379, 0.283, 0.283, 0.299, 0.299, 0.229, 0.229, 0.224, 0.224, 0.2, 0.2, 0.209, 0.209, 0.213, 0.213, 0.204, 0.204, 0.203, 0.203, 0.196, 0.196, 0.197, 0.197, 0.189, 0.189, 0.191, 0.191, 0.191, 0.191, 0.196, 0.196]  max_acc: 0.412
2023-04-02 04:04:23,670 - /home/lames/code/Gcode/FedGraph/main1.py[line:165] - ERROR: 682
2023-04-02 04:27:38,102 - /home/lames/code/Gcode/FedGraph/ServerManager.py[line:110] - ERROR: client_num: 68 round: 20 epoch: 20  acc: [0.19, 0.336, 0.336, 0.558, 0.558, 0.461, 0.461, 0.286, 0.286, 0.275, 0.275, 0.372, 0.372, 0.185, 0.185, 0.181, 0.181, 0.181, 0.181, 0.181, 0.181, 0.182, 0.182, 0.181, 0.181, 0.183, 0.183, 0.183, 0.183, 0.182, 0.182, 0.181, 0.181, 0.183, 0.183, 0.187, 0.187, 0.195, 0.195, 0.188, 0.188]  max_acc: 0.558
2023-04-02 04:27:54,297 - /home/lames/code/Gcode/FedGraph/main1.py[line:165] - ERROR: 932
2023-04-02 04:51:50,017 - /home/lames/code/Gcode/FedGraph/ServerManager.py[line:110] - ERROR: client_num: 70 round: 20 epoch: 20  acc: [0.189, 0.391, 0.391, 0.406, 0.406, 0.407, 0.407, 0.31, 0.31, 0.236, 0.236, 0.251, 0.251, 0.291, 0.291, 0.295, 0.295, 0.239, 0.239, 0.267, 0.267, 0.233, 0.233, 0.204, 0.204, 0.263, 0.263, 0.25, 0.25, 0.192, 0.192, 0.197, 0.197, 0.241, 0.241, 0.19, 0.19, 0.187, 0.187, 0.195, 0.195]  max_acc: 0.407
2023-04-02 04:52:07,087 - /home/lames/code/Gcode/FedGraph/main1.py[line:165] - ERROR: 692
2023-04-02 05:16:48,161 - /home/lames/code/Gcode/FedGraph/ServerManager.py[line:110] - ERROR: client_num: 72 round: 20 epoch: 20  acc: [0.222, 0.147, 0.147, 0.211, 0.211, 0.077, 0.077, 0.077, 0.077, 0.077, 0.077, 0.077, 0.077, 0.077, 0.077, 0.077, 0.077, 0.077, 0.077, 0.077, 0.077, 0.077, 0.077, 0.077, 0.077, 0.077, 0.077, 0.077, 0.077, 0.077, 0.077, 0.077, 0.077, 0.077, 0.077, 0.077, 0.077, 0.077, 0.077, 0.077, 0.077]  max_acc: 0.222
2023-04-02 05:17:05,762 - /home/lames/code/Gcode/FedGraph/main1.py[line:165] - ERROR: 689
2023-04-02 05:42:29,197 - /home/lames/code/Gcode/FedGraph/ServerManager.py[line:110] - ERROR: client_num: 74 round: 20 epoch: 20  acc: [0.173, 0.272, 0.272, 0.329, 0.329, 0.323, 0.323, 0.301, 0.301, 0.303, 0.303, 0.285, 0.285, 0.28, 0.28, 0.3, 0.3, 0.283, 0.283, 0.283, 0.283, 0.293, 0.293, 0.297, 0.297, 0.298, 0.298, 0.304, 0.304, 0.303, 0.303, 0.309, 0.309, 0.291, 0.291, 0.296, 0.296, 0.291, 0.291, 0.305, 0.305]  max_acc: 0.329
2023-04-02 05:42:47,195 - /home/lames/code/Gcode/FedGraph/main1.py[line:165] - ERROR: 655
2023-04-02 06:08:53,627 - /home/lames/code/Gcode/FedGraph/ServerManager.py[line:110] - ERROR: client_num: 76 round: 20 epoch: 20  acc: [0.189, 0.249, 0.249, 0.174, 0.174, 0.169, 0.169, 0.169, 0.169, 0.169, 0.169, 0.169, 0.169, 0.169, 0.169, 0.169, 0.169, 0.169, 0.169, 0.169, 0.169, 0.169, 0.169, 0.169, 0.169, 0.17, 0.17, 0.183, 0.183, 0.179, 0.179, 0.187, 0.187, 0.196, 0.196, 0.192, 0.192, 0.194, 0.194, 0.179, 0.179]  max_acc: 0.249
2023-04-02 06:09:12,340 - /home/lames/code/Gcode/FedGraph/main1.py[line:165] - ERROR: 919
2023-04-02 06:36:02,135 - /home/lames/code/Gcode/FedGraph/ServerManager.py[line:110] - ERROR: client_num: 78 round: 20 epoch: 20  acc: [0.175, 0.333, 0.333, 0.309, 0.309, 0.291, 0.291, 0.333, 0.333, 0.302, 0.302, 0.31, 0.31, 0.17, 0.17, 0.082, 0.082, 0.077, 0.077, 0.077, 0.077, 0.077, 0.077, 0.077, 0.077, 0.077, 0.077, 0.077, 0.077, 0.077, 0.077, 0.077, 0.077, 0.077, 0.077, 0.077, 0.077, 0.077, 0.077, 0.077, 0.077]  max_acc: 0.333
2023-04-02 06:36:22,111 - /home/lames/code/Gcode/FedGraph/main1.py[line:165] - ERROR: 888
2023-04-02 07:03:54,426 - /home/lames/code/Gcode/FedGraph/ServerManager.py[line:110] - ERROR: client_num: 80 round: 20 epoch: 20  acc: [0.233, 0.298, 0.298, 0.231, 0.231, 0.231, 0.231, 0.24, 0.24, 0.247, 0.247, 0.246, 0.246, 0.232, 0.232, 0.239, 0.239, 0.237, 0.237, 0.249, 0.249, 0.247, 0.247, 0.266, 0.266, 0.27, 0.27, 0.191, 0.191, 0.202, 0.202, 0.203, 0.203, 0.114, 0.114, 0.157, 0.157, 0.094, 0.094, 0.096, 0.096]  max_acc: 0.298
2023-04-02 07:04:13,623 - /home/lames/code/Gcode/FedGraph/main1.py[line:165] - ERROR: 975
2023-04-02 07:32:35,218 - /home/lames/code/Gcode/FedGraph/ServerManager.py[line:110] - ERROR: client_num: 82 round: 20 epoch: 20  acc: [0.187, 0.409, 0.409, 0.161, 0.161, 0.193, 0.193, 0.16, 0.16, 0.16, 0.16, 0.16, 0.16, 0.16, 0.16, 0.16, 0.16, 0.16, 0.16, 0.16, 0.16, 0.16, 0.16, 0.16, 0.16, 0.16, 0.16, 0.16, 0.16, 0.16, 0.16, 0.16, 0.16, 0.16, 0.16, 0.16, 0.16, 0.16, 0.16, 0.16, 0.16]  max_acc: 0.409
2023-04-02 07:32:54,951 - /home/lames/code/Gcode/FedGraph/main1.py[line:165] - ERROR: 861
2023-04-02 08:01:58,127 - /home/lames/code/Gcode/FedGraph/ServerManager.py[line:110] - ERROR: client_num: 84 round: 20 epoch: 20  acc: [0.18, 0.375, 0.375, 0.252, 0.252, 0.332, 0.332, 0.211, 0.211, 0.161, 0.161, 0.171, 0.171, 0.077, 0.077, 0.077, 0.077, 0.077, 0.077, 0.077, 0.077, 0.077, 0.077, 0.077, 0.077, 0.077, 0.077, 0.077, 0.077, 0.077, 0.077, 0.077, 0.077, 0.077, 0.077, 0.077, 0.077, 0.077, 0.077, 0.077, 0.077]  max_acc: 0.375
2023-04-02 08:02:18,294 - /home/lames/code/Gcode/FedGraph/main1.py[line:165] - ERROR: 969
2023-04-02 08:32:04,617 - /home/lames/code/Gcode/FedGraph/ServerManager.py[line:110] - ERROR: client_num: 86 round: 20 epoch: 20  acc: [0.198, 0.374, 0.374, 0.215, 0.215, 0.169, 0.169, 0.169, 0.169, 0.169, 0.169, 0.169, 0.169, 0.169, 0.169, 0.169, 0.169, 0.169, 0.169, 0.169, 0.169, 0.169, 0.169, 0.169, 0.169, 0.169, 0.169, 0.169, 0.169, 0.169, 0.169, 0.19, 0.19, 0.208, 0.208, 0.256, 0.256, 0.246, 0.246, 0.279, 0.279]  max_acc: 0.374
2023-04-02 08:32:24,984 - /home/lames/code/Gcode/FedGraph/main1.py[line:165] - ERROR: 992
2023-04-02 09:02:56,140 - /home/lames/code/Gcode/FedGraph/ServerManager.py[line:110] - ERROR: client_num: 88 round: 20 epoch: 20  acc: [0.173, 0.271, 0.271, 0.185, 0.185, 0.104, 0.104, 0.077, 0.077, 0.077, 0.077, 0.077, 0.077, 0.077, 0.077, 0.078, 0.078, 0.097, 0.097, 0.077, 0.077, 0.082, 0.082, 0.077, 0.077, 0.077, 0.077, 0.077, 0.077, 0.078, 0.078, 0.078, 0.078, 0.078, 0.078, 0.08, 0.08, 0.085, 0.085, 0.091, 0.091]  max_acc: 0.271
2023-04-02 09:03:17,550 - /home/lames/code/Gcode/FedGraph/main1.py[line:165] - ERROR: 752
2023-04-02 09:34:31,358 - /home/lames/code/Gcode/FedGraph/ServerManager.py[line:110] - ERROR: client_num: 90 round: 20 epoch: 20  acc: [0.177, 0.17, 0.17, 0.17, 0.17, 0.169, 0.169, 0.225, 0.225, 0.169, 0.169, 0.169, 0.169, 0.169, 0.169, 0.169, 0.169, 0.169, 0.169, 0.169, 0.169, 0.169, 0.169, 0.169, 0.169, 0.169, 0.169, 0.169, 0.169, 0.169, 0.169, 0.169, 0.169, 0.169, 0.169, 0.169, 0.169, 0.169, 0.169, 0.169, 0.169]  max_acc: 0.225
2023-04-02 09:34:53,874 - /home/lames/code/Gcode/FedGraph/main1.py[line:165] - ERROR: 696
2023-04-02 10:06:57,102 - /home/lames/code/Gcode/FedGraph/ServerManager.py[line:110] - ERROR: client_num: 92 round: 20 epoch: 20  acc: [0.136, 0.291, 0.291, 0.187, 0.187, 0.182, 0.182, 0.179, 0.179, 0.182, 0.182, 0.182, 0.182, 0.182, 0.182, 0.182, 0.182, 0.182, 0.182, 0.182, 0.182, 0.182, 0.182, 0.182, 0.182, 0.182, 0.182, 0.182, 0.182, 0.182, 0.182, 0.182, 0.182, 0.182, 0.182, 0.182, 0.182, 0.182, 0.182, 0.182, 0.182]  max_acc: 0.291
2023-04-02 10:07:21,852 - /home/lames/code/Gcode/FedGraph/main1.py[line:165] - ERROR: 917
2023-04-02 10:40:11,218 - /home/lames/code/Gcode/FedGraph/ServerManager.py[line:110] - ERROR: client_num: 94 round: 20 epoch: 20  acc: [0.181, 0.317, 0.317, 0.219, 0.219, 0.181, 0.181, 0.181, 0.181, 0.181, 0.181, 0.181, 0.181, 0.181, 0.181, 0.181, 0.181, 0.181, 0.181, 0.181, 0.181, 0.181, 0.181, 0.181, 0.181, 0.181, 0.181, 0.181, 0.181, 0.181, 0.181, 0.181, 0.181, 0.181, 0.181, 0.181, 0.181, 0.181, 0.181, 0.181, 0.181]  max_acc: 0.317
2023-04-02 10:40:34,189 - /home/lames/code/Gcode/FedGraph/main1.py[line:165] - ERROR: 940
2023-04-02 11:14:08,225 - /home/lames/code/Gcode/FedGraph/ServerManager.py[line:110] - ERROR: client_num: 96 round: 20 epoch: 20  acc: [0.209, 0.269, 0.269, 0.317, 0.317, 0.207, 0.207, 0.182, 0.182, 0.077, 0.077, 0.077, 0.077, 0.077, 0.077, 0.077, 0.077, 0.077, 0.077, 0.077, 0.077, 0.077, 0.077, 0.077, 0.077, 0.077, 0.077, 0.077, 0.077, 0.077, 0.077, 0.077, 0.077, 0.077, 0.077, 0.078, 0.078, 0.077, 0.077, 0.077, 0.077]  max_acc: 0.317
2023-04-02 11:14:31,045 - /home/lames/code/Gcode/FedGraph/main1.py[line:165] - ERROR: 1082
2023-04-02 11:48:50,579 - /home/lames/code/Gcode/FedGraph/ServerManager.py[line:110] - ERROR: client_num: 98 round: 20 epoch: 20  acc: [0.135, 0.114, 0.114, 0.234, 0.234, 0.198, 0.198, 0.271, 0.271, 0.16, 0.16, 0.16, 0.16, 0.16, 0.16, 0.16, 0.16, 0.16, 0.16, 0.16, 0.16, 0.16, 0.16, 0.16, 0.16, 0.16, 0.16, 0.16, 0.16, 0.16, 0.16, 0.16, 0.16, 0.16, 0.16, 0.16, 0.16, 0.16, 0.16, 0.16, 0.16]  max_acc: 0.271
2023-04-02 11:49:14,891 - /home/lames/code/Gcode/FedGraph/main1.py[line:165] - ERROR: 947
2023-04-02 12:24:05,678 - /home/lames/code/Gcode/FedGraph/ServerManager.py[line:110] - ERROR: client_num: 100 round: 20 epoch: 20  acc: [0.138, 0.354, 0.354, 0.25, 0.25, 0.397, 0.397, 0.292, 0.292, 0.213, 0.213, 0.191, 0.191, 0.212, 0.212, 0.182, 0.182, 0.181, 0.181, 0.181, 0.181, 0.181, 0.181, 0.181, 0.181, 0.181, 0.181, 0.181, 0.181, 0.181, 0.181, 0.179, 0.179, 0.181, 0.181, 0.181, 0.181, 0.181, 0.181, 0.181, 0.181]  max_acc: 0.397
