2023-04-01 21:38:51,235 - /home/lames/code/Gcode/FedGraph/main.py[line:171] - ERROR: 195
2023-04-01 21:39:31,512 - /home/lames/code/Gcode/FedGraph/ServerManager.py[line:110] - ERROR: client_num: 2 round: 20 epoch: 20  acc: [0.098, 0.657, 0.657, 0.764, 0.764, 0.761, 0.761, 0.756, 0.756, 0.765, 0.765, 0.761, 0.761, 0.768, 0.768, 0.769, 0.769, 0.769, 0.769, 0.77, 0.77, 0.775, 0.775, 0.781, 0.781, 0.763, 0.763, 0.768, 0.768, 0.765, 0.765, 0.774, 0.774, 0.77, 0.77, 0.782, 0.782, 0.774, 0.774, 0.778, 0.778]  max_acc: 0.782
2023-04-01 21:39:32,834 - /home/lames/code/Gcode/FedGraph/main.py[line:171] - ERROR: 297
2023-04-01 21:40:52,240 - /home/lames/code/Gcode/FedGraph/ServerManager.py[line:110] - ERROR: client_num: 4 round: 20 epoch: 20  acc: [0.133, 0.513, 0.513, 0.635, 0.635, 0.713, 0.713, 0.752, 0.752, 0.719, 0.719, 0.759, 0.759, 0.747, 0.747, 0.742, 0.742, 0.739, 0.739, 0.728, 0.728, 0.724, 0.724, 0.726, 0.726, 0.719, 0.719, 0.736, 0.736, 0.736, 0.736, 0.736, 0.736, 0.726, 0.726, 0.731, 0.731, 0.717, 0.717, 0.717, 0.717]  max_acc: 0.759
2023-04-01 21:40:54,209 - /home/lames/code/Gcode/FedGraph/main.py[line:171] - ERROR: 400
2023-04-01 21:42:53,513 - /home/lames/code/Gcode/FedGraph/ServerManager.py[line:110] - ERROR: client_num: 6 round: 20 epoch: 20  acc: [0.292, 0.326, 0.326, 0.697, 0.697, 0.57, 0.57, 0.701, 0.701, 0.675, 0.675, 0.705, 0.705, 0.713, 0.713, 0.726, 0.726, 0.705, 0.705, 0.728, 0.728, 0.681, 0.681, 0.727, 0.727, 0.698, 0.698, 0.705, 0.705, 0.674, 0.674, 0.712, 0.712, 0.709, 0.709, 0.733, 0.733, 0.722, 0.722, 0.733, 0.733]  max_acc: 0.733
2023-04-01 21:42:55,823 - /home/lames/code/Gcode/FedGraph/main.py[line:171] - ERROR: 568
2023-04-01 21:45:35,281 - /home/lames/code/Gcode/FedGraph/ServerManager.py[line:110] - ERROR: client_num: 8 round: 20 epoch: 20  acc: [0.108, 0.458, 0.458, 0.616, 0.616, 0.685, 0.685, 0.686, 0.686, 0.673, 0.673, 0.687, 0.687, 0.632, 0.632, 0.675, 0.675, 0.658, 0.658, 0.658, 0.658, 0.647, 0.647, 0.664, 0.664, 0.64, 0.64, 0.676, 0.676, 0.648, 0.648, 0.69, 0.69, 0.708, 0.708, 0.697, 0.697, 0.689, 0.689, 0.645, 0.645]  max_acc: 0.708
2023-04-01 21:45:37,835 - /home/lames/code/Gcode/FedGraph/main.py[line:171] - ERROR: 617
2023-04-01 21:48:57,309 - /home/lames/code/Gcode/FedGraph/ServerManager.py[line:110] - ERROR: client_num: 10 round: 20 epoch: 20  acc: [0.123, 0.319, 0.319, 0.485, 0.485, 0.535, 0.535, 0.59, 0.59, 0.68, 0.68, 0.727, 0.727, 0.683, 0.683, 0.733, 0.733, 0.732, 0.732, 0.721, 0.721, 0.71, 0.71, 0.676, 0.676, 0.714, 0.714, 0.725, 0.725, 0.713, 0.713, 0.714, 0.714, 0.701, 0.701, 0.705, 0.705, 0.707, 0.707, 0.715, 0.715]  max_acc: 0.733
2023-04-01 21:48:59,993 - /home/lames/code/Gcode/FedGraph/main.py[line:171] - ERROR: 628
2023-04-01 21:52:59,673 - /home/lames/code/Gcode/FedGraph/ServerManager.py[line:110] - ERROR: client_num: 12 round: 20 epoch: 20  acc: [0.086, 0.324, 0.324, 0.324, 0.324, 0.4, 0.4, 0.408, 0.408, 0.463, 0.463, 0.482, 0.482, 0.466, 0.466, 0.506, 0.506, 0.538, 0.538, 0.508, 0.508, 0.602, 0.602, 0.606, 0.606, 0.605, 0.605, 0.637, 0.637, 0.546, 0.546, 0.617, 0.617, 0.629, 0.629, 0.631, 0.631, 0.62, 0.62, 0.628, 0.628]  max_acc: 0.637
2023-04-01 21:53:03,202 - /home/lames/code/Gcode/FedGraph/main.py[line:171] - ERROR: 678
2023-04-01 21:57:43,150 - /home/lames/code/Gcode/FedGraph/ServerManager.py[line:110] - ERROR: client_num: 14 round: 20 epoch: 20  acc: [0.115, 0.149, 0.149, 0.506, 0.506, 0.495, 0.495, 0.53, 0.53, 0.53, 0.53, 0.513, 0.513, 0.569, 0.569, 0.49, 0.49, 0.579, 0.579, 0.466, 0.466, 0.592, 0.592, 0.508, 0.508, 0.597, 0.597, 0.511, 0.511, 0.588, 0.588, 0.449, 0.449, 0.607, 0.607, 0.472, 0.472, 0.593, 0.593, 0.452, 0.452]  max_acc: 0.607
2023-04-01 21:57:47,256 - /home/lames/code/Gcode/FedGraph/main.py[line:171] - ERROR: 736
2023-04-01 22:03:07,763 - /home/lames/code/Gcode/FedGraph/ServerManager.py[line:110] - ERROR: client_num: 16 round: 20 epoch: 20  acc: [0.204, 0.417, 0.417, 0.453, 0.453, 0.505, 0.505, 0.631, 0.631, 0.56, 0.56, 0.653, 0.653, 0.692, 0.692, 0.682, 0.682, 0.704, 0.704, 0.68, 0.68, 0.712, 0.712, 0.689, 0.689, 0.654, 0.654, 0.706, 0.706, 0.678, 0.678, 0.667, 0.667, 0.651, 0.651, 0.653, 0.653, 0.66, 0.66, 0.655, 0.655]  max_acc: 0.712
2023-04-01 22:03:12,251 - /home/lames/code/Gcode/FedGraph/main.py[line:171] - ERROR: 768
2023-04-01 22:09:13,096 - /home/lames/code/Gcode/FedGraph/ServerManager.py[line:110] - ERROR: client_num: 18 round: 20 epoch: 20  acc: [0.088, 0.152, 0.152, 0.502, 0.502, 0.4, 0.4, 0.482, 0.482, 0.473, 0.473, 0.469, 0.469, 0.415, 0.415, 0.523, 0.523, 0.425, 0.425, 0.518, 0.518, 0.499, 0.499, 0.548, 0.548, 0.551, 0.551, 0.554, 0.554, 0.544, 0.544, 0.645, 0.645, 0.557, 0.557, 0.703, 0.703, 0.539, 0.539, 0.656, 0.656]  max_acc: 0.703
2023-04-01 22:09:18,198 - /home/lames/code/Gcode/FedGraph/main.py[line:171] - ERROR: 817
2023-04-01 22:15:59,620 - /home/lames/code/Gcode/FedGraph/ServerManager.py[line:110] - ERROR: client_num: 20 round: 20 epoch: 20  acc: [0.121, 0.319, 0.319, 0.438, 0.438, 0.325, 0.325, 0.497, 0.497, 0.546, 0.546, 0.612, 0.612, 0.576, 0.576, 0.632, 0.632, 0.564, 0.564, 0.682, 0.682, 0.64, 0.64, 0.667, 0.667, 0.628, 0.628, 0.666, 0.666, 0.595, 0.595, 0.667, 0.667, 0.621, 0.621, 0.567, 0.567, 0.663, 0.663, 0.536, 0.536]  max_acc: 0.682
2023-04-01 22:16:05,717 - /home/lames/code/Gcode/FedGraph/main.py[line:171] - ERROR: 862
2023-04-01 22:23:27,449 - /home/lames/code/Gcode/FedGraph/ServerManager.py[line:110] - ERROR: client_num: 22 round: 20 epoch: 20  acc: [0.072, 0.385, 0.385, 0.401, 0.401, 0.498, 0.498, 0.52, 0.52, 0.549, 0.549, 0.525, 0.525, 0.563, 0.563, 0.584, 0.584, 0.586, 0.586, 0.634, 0.634, 0.634, 0.634, 0.613, 0.613, 0.612, 0.612, 0.62, 0.62, 0.601, 0.601, 0.617, 0.617, 0.612, 0.612, 0.625, 0.625, 0.625, 0.625, 0.624, 0.624]  max_acc: 0.634
2023-04-01 22:23:33,237 - /home/lames/code/Gcode/FedGraph/main.py[line:171] - ERROR: 860
2023-04-01 22:31:35,965 - /home/lames/code/Gcode/FedGraph/ServerManager.py[line:110] - ERROR: client_num: 24 round: 20 epoch: 20  acc: [0.237, 0.354, 0.354, 0.379, 0.379, 0.393, 0.393, 0.414, 0.414, 0.419, 0.419, 0.42, 0.42, 0.456, 0.456, 0.457, 0.457, 0.504, 0.504, 0.499, 0.499, 0.513, 0.513, 0.523, 0.523, 0.579, 0.579, 0.584, 0.584, 0.63, 0.63, 0.621, 0.621, 0.608, 0.608, 0.628, 0.628, 0.585, 0.585, 0.637, 0.637]  max_acc: 0.637
2023-04-01 22:31:42,570 - /home/lames/code/Gcode/FedGraph/main.py[line:171] - ERROR: 923
2023-04-01 22:40:25,729 - /home/lames/code/Gcode/FedGraph/ServerManager.py[line:110] - ERROR: client_num: 26 round: 20 epoch: 20  acc: [0.227, 0.32, 0.32, 0.447, 0.447, 0.494, 0.494, 0.472, 0.472, 0.54, 0.54, 0.513, 0.513, 0.588, 0.588, 0.604, 0.604, 0.588, 0.588, 0.606, 0.606, 0.613, 0.613, 0.612, 0.612, 0.619, 0.619, 0.593, 0.593, 0.628, 0.628, 0.558, 0.558, 0.631, 0.631, 0.606, 0.606, 0.633, 0.633, 0.575, 0.575]  max_acc: 0.633
2023-04-01 22:40:32,469 - /home/lames/code/Gcode/FedGraph/main.py[line:171] - ERROR: 950
2023-04-01 22:49:55,971 - /home/lames/code/Gcode/FedGraph/ServerManager.py[line:110] - ERROR: client_num: 28 round: 20 epoch: 20  acc: [0.135, 0.24, 0.24, 0.405, 0.405, 0.417, 0.417, 0.389, 0.389, 0.408, 0.408, 0.398, 0.398, 0.382, 0.382, 0.409, 0.409, 0.408, 0.408, 0.435, 0.435, 0.433, 0.433, 0.434, 0.434, 0.444, 0.444, 0.391, 0.391, 0.417, 0.417, 0.441, 0.441, 0.414, 0.414, 0.41, 0.41, 0.491, 0.491, 0.415, 0.415]  max_acc: 0.491
2023-04-01 22:50:03,409 - /home/lames/code/Gcode/FedGraph/main.py[line:171] - ERROR: 974
2023-04-01 23:00:08,034 - /home/lames/code/Gcode/FedGraph/ServerManager.py[line:110] - ERROR: client_num: 30 round: 20 epoch: 20  acc: [0.107, 0.355, 0.355, 0.322, 0.322, 0.367, 0.367, 0.384, 0.384, 0.387, 0.387, 0.464, 0.464, 0.448, 0.448, 0.477, 0.477, 0.489, 0.489, 0.483, 0.483, 0.489, 0.489, 0.499, 0.499, 0.467, 0.467, 0.532, 0.532, 0.498, 0.498, 0.485, 0.485, 0.501, 0.501, 0.559, 0.559, 0.49, 0.49, 0.535, 0.535]  max_acc: 0.559
2023-04-01 23:00:17,183 - /home/lames/code/Gcode/FedGraph/main.py[line:171] - ERROR: 1007
2023-04-01 23:11:02,762 - /home/lames/code/Gcode/FedGraph/ServerManager.py[line:110] - ERROR: client_num: 32 round: 20 epoch: 20  acc: [0.111, 0.324, 0.324, 0.459, 0.459, 0.514, 0.514, 0.477, 0.477, 0.562, 0.562, 0.466, 0.466, 0.527, 0.527, 0.442, 0.442, 0.502, 0.502, 0.5, 0.5, 0.502, 0.502, 0.498, 0.498, 0.503, 0.503, 0.468, 0.468, 0.429, 0.429, 0.382, 0.382, 0.375, 0.375, 0.351, 0.351, 0.494, 0.494, 0.437, 0.437]  max_acc: 0.562
2023-04-01 23:11:11,067 - /home/lames/code/Gcode/FedGraph/main.py[line:171] - ERROR: 1009
2023-04-01 23:22:36,465 - /home/lames/code/Gcode/FedGraph/ServerManager.py[line:110] - ERROR: client_num: 34 round: 20 epoch: 20  acc: [0.224, 0.382, 0.382, 0.368, 0.368, 0.433, 0.433, 0.433, 0.433, 0.381, 0.381, 0.417, 0.417, 0.411, 0.411, 0.454, 0.454, 0.44, 0.44, 0.409, 0.409, 0.485, 0.485, 0.423, 0.423, 0.502, 0.502, 0.494, 0.494, 0.481, 0.481, 0.495, 0.495, 0.536, 0.536, 0.538, 0.538, 0.563, 0.563, 0.485, 0.485]  max_acc: 0.563
2023-04-01 23:22:45,600 - /home/lames/code/Gcode/FedGraph/main.py[line:171] - ERROR: 1036
2023-04-01 23:34:51,758 - /home/lames/code/Gcode/FedGraph/ServerManager.py[line:110] - ERROR: client_num: 36 round: 20 epoch: 20  acc: [0.087, 0.397, 0.397, 0.319, 0.319, 0.336, 0.336, 0.322, 0.322, 0.347, 0.347, 0.359, 0.359, 0.407, 0.407, 0.346, 0.346, 0.421, 0.421, 0.419, 0.419, 0.42, 0.42, 0.482, 0.482, 0.47, 0.47, 0.491, 0.491, 0.499, 0.499, 0.557, 0.557, 0.53, 0.53, 0.503, 0.503, 0.48, 0.48, 0.542, 0.542]  max_acc: 0.557
2023-04-01 23:35:01,303 - /home/lames/code/Gcode/FedGraph/main.py[line:171] - ERROR: 1067
2023-04-01 23:47:49,123 - /home/lames/code/Gcode/FedGraph/ServerManager.py[line:110] - ERROR: client_num: 38 round: 20 epoch: 20  acc: [0.098, 0.247, 0.247, 0.295, 0.295, 0.302, 0.302, 0.448, 0.448, 0.522, 0.522, 0.503, 0.503, 0.458, 0.458, 0.517, 0.517, 0.407, 0.407, 0.534, 0.534, 0.448, 0.448, 0.536, 0.536, 0.509, 0.509, 0.47, 0.47, 0.498, 0.498, 0.455, 0.455, 0.46, 0.46, 0.548, 0.548, 0.502, 0.502, 0.542, 0.542]  max_acc: 0.548
2023-04-01 23:47:59,259 - /home/lames/code/Gcode/FedGraph/main.py[line:171] - ERROR: 1094
2023-04-02 00:01:26,132 - /home/lames/code/Gcode/FedGraph/ServerManager.py[line:110] - ERROR: client_num: 40 round: 20 epoch: 20  acc: [0.14, 0.319, 0.319, 0.319, 0.319, 0.32, 0.32, 0.32, 0.32, 0.321, 0.321, 0.321, 0.321, 0.32, 0.32, 0.334, 0.334, 0.337, 0.337, 0.383, 0.383, 0.38, 0.38, 0.36, 0.36, 0.447, 0.447, 0.369, 0.369, 0.45, 0.45, 0.368, 0.368, 0.486, 0.486, 0.436, 0.436, 0.404, 0.404, 0.493, 0.493]  max_acc: 0.493
2023-04-02 00:01:35,971 - /home/lames/code/Gcode/FedGraph/main.py[line:171] - ERROR: 1138
2023-04-02 00:15:43,832 - /home/lames/code/Gcode/FedGraph/ServerManager.py[line:110] - ERROR: client_num: 42 round: 20 epoch: 20  acc: [0.297, 0.319, 0.319, 0.321, 0.321, 0.356, 0.356, 0.337, 0.337, 0.382, 0.382, 0.408, 0.408, 0.412, 0.412, 0.404, 0.404, 0.397, 0.397, 0.418, 0.418, 0.405, 0.405, 0.405, 0.405, 0.407, 0.407, 0.418, 0.418, 0.457, 0.457, 0.425, 0.425, 0.417, 0.417, 0.417, 0.417, 0.433, 0.433, 0.446, 0.446]  max_acc: 0.457
2023-04-02 00:15:54,059 - /home/lames/code/Gcode/FedGraph/main.py[line:171] - ERROR: 1146
2023-04-02 00:30:42,468 - /home/lames/code/Gcode/FedGraph/ServerManager.py[line:110] - ERROR: client_num: 44 round: 20 epoch: 20  acc: [0.22, 0.324, 0.324, 0.422, 0.422, 0.469, 0.469, 0.415, 0.415, 0.448, 0.448, 0.405, 0.405, 0.472, 0.472, 0.413, 0.413, 0.42, 0.42, 0.383, 0.383, 0.454, 0.454, 0.403, 0.403, 0.5, 0.5, 0.355, 0.355, 0.488, 0.488, 0.451, 0.451, 0.433, 0.433, 0.497, 0.497, 0.388, 0.388, 0.514, 0.514]  max_acc: 0.514
2023-04-02 00:30:53,556 - /home/lames/code/Gcode/FedGraph/main.py[line:171] - ERROR: 1165
2023-04-02 00:46:24,141 - /home/lames/code/Gcode/FedGraph/ServerManager.py[line:110] - ERROR: client_num: 46 round: 20 epoch: 20  acc: [0.109, 0.319, 0.319, 0.331, 0.331, 0.319, 0.319, 0.333, 0.333, 0.339, 0.339, 0.321, 0.321, 0.334, 0.334, 0.325, 0.325, 0.328, 0.328, 0.366, 0.366, 0.335, 0.335, 0.389, 0.389, 0.384, 0.384, 0.404, 0.404, 0.386, 0.386, 0.401, 0.401, 0.43, 0.43, 0.421, 0.421, 0.409, 0.409, 0.393, 0.393]  max_acc: 0.43
2023-04-02 00:46:35,668 - /home/lames/code/Gcode/FedGraph/main.py[line:171] - ERROR: 1165
2023-04-02 01:02:47,643 - /home/lames/code/Gcode/FedGraph/ServerManager.py[line:110] - ERROR: client_num: 48 round: 20 epoch: 20  acc: [0.094, 0.368, 0.368, 0.382, 0.382, 0.465, 0.465, 0.423, 0.423, 0.384, 0.384, 0.384, 0.384, 0.353, 0.353, 0.34, 0.34, 0.335, 0.335, 0.411, 0.411, 0.41, 0.41, 0.281, 0.281, 0.425, 0.425, 0.465, 0.465, 0.466, 0.466, 0.414, 0.414, 0.494, 0.494, 0.427, 0.427, 0.453, 0.453, 0.475, 0.475]  max_acc: 0.494
2023-04-02 01:02:59,798 - /home/lames/code/Gcode/FedGraph/main.py[line:171] - ERROR: 1192
2023-04-02 01:19:51,853 - /home/lames/code/Gcode/FedGraph/ServerManager.py[line:110] - ERROR: client_num: 50 round: 20 epoch: 20  acc: [0.133, 0.319, 0.319, 0.319, 0.319, 0.319, 0.319, 0.319, 0.319, 0.319, 0.319, 0.319, 0.319, 0.319, 0.319, 0.319, 0.319, 0.319, 0.319, 0.319, 0.319, 0.319, 0.319, 0.321, 0.321, 0.321, 0.321, 0.321, 0.321, 0.321, 0.321, 0.324, 0.324, 0.329, 0.329, 0.323, 0.323, 0.331, 0.331, 0.321, 0.321]  max_acc: 0.331
2023-04-02 01:20:03,741 - /home/lames/code/Gcode/FedGraph/main.py[line:171] - ERROR: 1180
2023-04-02 01:37:37,178 - /home/lames/code/Gcode/FedGraph/ServerManager.py[line:110] - ERROR: client_num: 52 round: 20 epoch: 20  acc: [0.149, 0.149, 0.149, 0.149, 0.149, 0.176, 0.176, 0.218, 0.218, 0.259, 0.259, 0.288, 0.288, 0.306, 0.306, 0.332, 0.332, 0.196, 0.196, 0.382, 0.382, 0.378, 0.378, 0.452, 0.452, 0.397, 0.397, 0.332, 0.332, 0.393, 0.393, 0.345, 0.345, 0.426, 0.426, 0.421, 0.421, 0.393, 0.393, 0.419, 0.419]  max_acc: 0.452
2023-04-02 01:37:50,484 - /home/lames/code/Gcode/FedGraph/main.py[line:171] - ERROR: 1230
2023-04-02 01:56:06,499 - /home/lames/code/Gcode/FedGraph/ServerManager.py[line:110] - ERROR: client_num: 54 round: 20 epoch: 20  acc: [0.077, 0.188, 0.188, 0.127, 0.127, 0.396, 0.396, 0.446, 0.446, 0.37, 0.37, 0.472, 0.472, 0.389, 0.389, 0.389, 0.389, 0.368, 0.368, 0.392, 0.392, 0.338, 0.338, 0.381, 0.381, 0.389, 0.389, 0.37, 0.37, 0.38, 0.38, 0.353, 0.353, 0.428, 0.428, 0.468, 0.468, 0.418, 0.418, 0.448, 0.448]  max_acc: 0.472
2023-04-02 01:56:19,502 - /home/lames/code/Gcode/FedGraph/main.py[line:171] - ERROR: 1264
2023-04-02 02:15:16,390 - /home/lames/code/Gcode/FedGraph/ServerManager.py[line:110] - ERROR: client_num: 56 round: 20 epoch: 20  acc: [0.13, 0.149, 0.149, 0.422, 0.422, 0.35, 0.35, 0.38, 0.38, 0.327, 0.327, 0.32, 0.32, 0.329, 0.329, 0.323, 0.323, 0.325, 0.325, 0.321, 0.321, 0.329, 0.329, 0.325, 0.325, 0.341, 0.341, 0.34, 0.34, 0.388, 0.388, 0.377, 0.377, 0.377, 0.377, 0.372, 0.372, 0.466, 0.466, 0.454, 0.454]  max_acc: 0.466
2023-04-02 02:15:30,711 - /home/lames/code/Gcode/FedGraph/main.py[line:171] - ERROR: 1229
2023-04-02 02:35:08,399 - /home/lames/code/Gcode/FedGraph/ServerManager.py[line:110] - ERROR: client_num: 58 round: 20 epoch: 20  acc: [0.231, 0.154, 0.154, 0.321, 0.321, 0.47, 0.47, 0.505, 0.505, 0.428, 0.428, 0.369, 0.369, 0.332, 0.332, 0.337, 0.337, 0.325, 0.325, 0.337, 0.337, 0.335, 0.335, 0.33, 0.33, 0.376, 0.376, 0.372, 0.372, 0.367, 0.367, 0.382, 0.382, 0.395, 0.395, 0.399, 0.399, 0.45, 0.45, 0.405, 0.405]  max_acc: 0.505
2023-04-02 02:35:22,356 - /home/lames/code/Gcode/FedGraph/main.py[line:171] - ERROR: 1253
2023-04-02 02:55:41,600 - /home/lames/code/Gcode/FedGraph/ServerManager.py[line:110] - ERROR: client_num: 60 round: 20 epoch: 20  acc: [0.084, 0.091, 0.091, 0.091, 0.091, 0.177, 0.177, 0.259, 0.259, 0.384, 0.384, 0.357, 0.357, 0.326, 0.326, 0.265, 0.265, 0.192, 0.192, 0.156, 0.156, 0.152, 0.152, 0.15, 0.15, 0.149, 0.149, 0.153, 0.153, 0.149, 0.149, 0.153, 0.153, 0.149, 0.149, 0.149, 0.149, 0.149, 0.149, 0.149, 0.149]  max_acc: 0.384
2023-04-02 02:55:56,187 - /home/lames/code/Gcode/FedGraph/main.py[line:171] - ERROR: 1723
2023-04-02 03:16:56,146 - /home/lames/code/Gcode/FedGraph/ServerManager.py[line:110] - ERROR: client_num: 62 round: 20 epoch: 20  acc: [0.172, 0.381, 0.381, 0.322, 0.322, 0.321, 0.321, 0.367, 0.367, 0.382, 0.382, 0.357, 0.357, 0.381, 0.381, 0.27, 0.27, 0.188, 0.188, 0.199, 0.199, 0.178, 0.178, 0.179, 0.179, 0.247, 0.247, 0.356, 0.356, 0.394, 0.394, 0.382, 0.382, 0.388, 0.388, 0.382, 0.382, 0.393, 0.393, 0.38, 0.38]  max_acc: 0.394
2023-04-02 03:17:11,183 - /home/lames/code/Gcode/FedGraph/main.py[line:171] - ERROR: 1282
2023-04-02 03:38:52,193 - /home/lames/code/Gcode/FedGraph/ServerManager.py[line:110] - ERROR: client_num: 64 round: 20 epoch: 20  acc: [0.136, 0.319, 0.319, 0.319, 0.319, 0.319, 0.319, 0.319, 0.319, 0.319, 0.319, 0.319, 0.319, 0.319, 0.319, 0.319, 0.319, 0.319, 0.319, 0.319, 0.319, 0.319, 0.319, 0.319, 0.319, 0.319, 0.319, 0.319, 0.319, 0.319, 0.319, 0.319, 0.319, 0.319, 0.319, 0.319, 0.319, 0.319, 0.319, 0.319, 0.319]  max_acc: 0.319
2023-04-02 03:39:09,777 - /home/lames/code/Gcode/FedGraph/main.py[line:171] - ERROR: 1287
2023-04-02 04:01:32,318 - /home/lames/code/Gcode/FedGraph/ServerManager.py[line:110] - ERROR: client_num: 66 round: 20 epoch: 20  acc: [0.303, 0.319, 0.319, 0.319, 0.319, 0.319, 0.319, 0.319, 0.319, 0.319, 0.319, 0.319, 0.319, 0.319, 0.319, 0.319, 0.319, 0.319, 0.319, 0.319, 0.319, 0.319, 0.319, 0.319, 0.319, 0.319, 0.319, 0.319, 0.319, 0.319, 0.319, 0.319, 0.319, 0.319, 0.319, 0.319, 0.319, 0.319, 0.319, 0.319, 0.319]  max_acc: 0.319
2023-04-02 04:01:48,140 - /home/lames/code/Gcode/FedGraph/main.py[line:171] - ERROR: 1278
2023-04-02 04:24:53,206 - /home/lames/code/Gcode/FedGraph/ServerManager.py[line:110] - ERROR: client_num: 68 round: 20 epoch: 20  acc: [0.137, 0.17, 0.17, 0.233, 0.233, 0.145, 0.145, 0.144, 0.144, 0.144, 0.144, 0.144, 0.144, 0.146, 0.146, 0.218, 0.218, 0.26, 0.26, 0.353, 0.353, 0.433, 0.433, 0.441, 0.441, 0.439, 0.439, 0.367, 0.367, 0.39, 0.39, 0.45, 0.45, 0.395, 0.395, 0.432, 0.432, 0.428, 0.428, 0.396, 0.396]  max_acc: 0.45
2023-04-02 04:25:10,709 - /home/lames/code/Gcode/FedGraph/main.py[line:171] - ERROR: 1735
2023-04-02 04:48:58,328 - /home/lames/code/Gcode/FedGraph/ServerManager.py[line:110] - ERROR: client_num: 70 round: 20 epoch: 20  acc: [0.091, 0.305, 0.305, 0.13, 0.13, 0.13, 0.13, 0.13, 0.13, 0.13, 0.13, 0.143, 0.143, 0.135, 0.135, 0.142, 0.142, 0.154, 0.154, 0.187, 0.187, 0.226, 0.226, 0.282, 0.282, 0.297, 0.297, 0.332, 0.332, 0.341, 0.341, 0.339, 0.339, 0.355, 0.355, 0.352, 0.352, 0.338, 0.338, 0.342, 0.342]  max_acc: 0.355
2023-04-02 04:49:16,596 - /home/lames/code/Gcode/FedGraph/main.py[line:171] - ERROR: 1445
2023-04-02 05:13:44,290 - /home/lames/code/Gcode/FedGraph/ServerManager.py[line:110] - ERROR: client_num: 72 round: 20 epoch: 20  acc: [0.123, 0.13, 0.13, 0.137, 0.137, 0.259, 0.259, 0.227, 0.227, 0.215, 0.215, 0.197, 0.197, 0.399, 0.399, 0.401, 0.401, 0.389, 0.389, 0.319, 0.319, 0.319, 0.319, 0.319, 0.319, 0.319, 0.319, 0.319, 0.319, 0.319, 0.319, 0.319, 0.319, 0.319, 0.319, 0.348, 0.348, 0.319, 0.319, 0.373, 0.373]  max_acc: 0.401
2023-04-02 05:14:02,702 - /home/lames/code/Gcode/FedGraph/main.py[line:171] - ERROR: 1716
2023-04-02 05:39:14,057 - /home/lames/code/Gcode/FedGraph/ServerManager.py[line:110] - ERROR: client_num: 74 round: 20 epoch: 20  acc: [0.116, 0.13, 0.13, 0.13, 0.13, 0.13, 0.13, 0.13, 0.13, 0.13, 0.13, 0.13, 0.13, 0.13, 0.13, 0.13, 0.13, 0.13, 0.13, 0.13, 0.13, 0.131, 0.131, 0.132, 0.132, 0.132, 0.132, 0.134, 0.134, 0.134, 0.134, 0.134, 0.134, 0.141, 0.141, 0.141, 0.141, 0.158, 0.158, 0.199, 0.199]  max_acc: 0.199
2023-04-02 05:39:32,603 - /home/lames/code/Gcode/FedGraph/main.py[line:171] - ERROR: 1398
2023-04-02 06:05:24,449 - /home/lames/code/Gcode/FedGraph/ServerManager.py[line:110] - ERROR: client_num: 76 round: 20 epoch: 20  acc: [0.109, 0.13, 0.13, 0.143, 0.143, 0.216, 0.216, 0.32, 0.32, 0.319, 0.319, 0.319, 0.319, 0.319, 0.319, 0.319, 0.319, 0.319, 0.319, 0.319, 0.319, 0.319, 0.319, 0.319, 0.319, 0.319, 0.319, 0.319, 0.319, 0.319, 0.319, 0.319, 0.319, 0.319, 0.319, 0.319, 0.319, 0.319, 0.319, 0.319, 0.319]  max_acc: 0.32
2023-04-02 06:05:42,564 - /home/lames/code/Gcode/FedGraph/main.py[line:171] - ERROR: 1850
2023-04-02 06:32:17,402 - /home/lames/code/Gcode/FedGraph/ServerManager.py[line:110] - ERROR: client_num: 78 round: 20 epoch: 20  acc: [0.068, 0.159, 0.159, 0.44, 0.44, 0.319, 0.319, 0.319, 0.319, 0.319, 0.319, 0.319, 0.319, 0.319, 0.319, 0.319, 0.319, 0.319, 0.319, 0.319, 0.319, 0.319, 0.319, 0.319, 0.319, 0.32, 0.32, 0.319, 0.319, 0.319, 0.319, 0.32, 0.32, 0.32, 0.32, 0.319, 0.319, 0.319, 0.319, 0.319, 0.319]  max_acc: 0.44
2023-04-02 06:32:34,877 - /home/lames/code/Gcode/FedGraph/main.py[line:171] - ERROR: 2033
2023-04-02 06:59:51,847 - /home/lames/code/Gcode/FedGraph/ServerManager.py[line:110] - ERROR: client_num: 80 round: 20 epoch: 20  acc: [0.193, 0.319, 0.319, 0.319, 0.319, 0.319, 0.319, 0.319, 0.319, 0.319, 0.319, 0.319, 0.319, 0.319, 0.319, 0.319, 0.319, 0.319, 0.319, 0.319, 0.319, 0.319, 0.319, 0.319, 0.319, 0.319, 0.319, 0.319, 0.319, 0.319, 0.319, 0.319, 0.319, 0.319, 0.319, 0.319, 0.319, 0.319, 0.319, 0.319, 0.319]  max_acc: 0.319
2023-04-02 07:00:10,042 - /home/lames/code/Gcode/FedGraph/main.py[line:171] - ERROR: 1385
2023-04-02 07:28:09,820 - /home/lames/code/Gcode/FedGraph/ServerManager.py[line:110] - ERROR: client_num: 82 round: 20 epoch: 20  acc: [0.137, 0.198, 0.198, 0.19, 0.19, 0.13, 0.13, 0.13, 0.13, 0.13, 0.13, 0.13, 0.13, 0.13, 0.13, 0.13, 0.13, 0.13, 0.13, 0.13, 0.13, 0.13, 0.13, 0.13, 0.13, 0.13, 0.13, 0.13, 0.13, 0.13, 0.13, 0.13, 0.13, 0.13, 0.13, 0.131, 0.131, 0.13, 0.13, 0.14, 0.14]  max_acc: 0.198
2023-04-02 07:28:30,391 - /home/lames/code/Gcode/FedGraph/main.py[line:171] - ERROR: 1429
2023-04-02 07:57:12,597 - /home/lames/code/Gcode/FedGraph/ServerManager.py[line:110] - ERROR: client_num: 84 round: 20 epoch: 20  acc: [0.112, 0.271, 0.271, 0.483, 0.483, 0.432, 0.432, 0.321, 0.321, 0.319, 0.319, 0.319, 0.319, 0.319, 0.319, 0.363, 0.363, 0.396, 0.396, 0.233, 0.233, 0.149, 0.149, 0.149, 0.149, 0.149, 0.149, 0.149, 0.149, 0.149, 0.149, 0.149, 0.149, 0.149, 0.149, 0.149, 0.149, 0.149, 0.149, 0.149, 0.149]  max_acc: 0.483
2023-04-02 07:57:32,965 - /home/lames/code/Gcode/FedGraph/main.py[line:171] - ERROR: 1452
2023-04-02 08:26:59,524 - /home/lames/code/Gcode/FedGraph/ServerManager.py[line:110] - ERROR: client_num: 86 round: 20 epoch: 20  acc: [0.199, 0.199, 0.199, 0.149, 0.149, 0.149, 0.149, 0.151, 0.151, 0.319, 0.319, 0.319, 0.319, 0.319, 0.319, 0.319, 0.319, 0.319, 0.319, 0.319, 0.319, 0.319, 0.319, 0.319, 0.319, 0.319, 0.319, 0.319, 0.319, 0.319, 0.319, 0.319, 0.319, 0.319, 0.319, 0.319, 0.319, 0.319, 0.319, 0.319, 0.319]  max_acc: 0.319
2023-04-02 08:27:20,373 - /home/lames/code/Gcode/FedGraph/main.py[line:171] - ERROR: 1540
2023-04-02 08:57:28,330 - /home/lames/code/Gcode/FedGraph/ServerManager.py[line:110] - ERROR: client_num: 88 round: 20 epoch: 20  acc: [0.102, 0.134, 0.134, 0.123, 0.123, 0.371, 0.371, 0.319, 0.319, 0.319, 0.319, 0.319, 0.319, 0.319, 0.319, 0.319, 0.319, 0.319, 0.319, 0.319, 0.319, 0.319, 0.319, 0.319, 0.319, 0.319, 0.319, 0.319, 0.319, 0.319, 0.319, 0.319, 0.319, 0.319, 0.319, 0.319, 0.319, 0.319, 0.319, 0.319, 0.319]  max_acc: 0.371
2023-04-02 08:57:49,483 - /home/lames/code/Gcode/FedGraph/main.py[line:171] - ERROR: 2338
2023-04-02 09:28:40,317 - /home/lames/code/Gcode/FedGraph/ServerManager.py[line:110] - ERROR: client_num: 90 round: 20 epoch: 20  acc: [0.214, 0.321, 0.321, 0.326, 0.326, 0.319, 0.319, 0.319, 0.319, 0.319, 0.319, 0.319, 0.319, 0.319, 0.319, 0.319, 0.319, 0.319, 0.319, 0.319, 0.319, 0.319, 0.319, 0.319, 0.319, 0.319, 0.319, 0.319, 0.319, 0.319, 0.319, 0.319, 0.319, 0.319, 0.319, 0.319, 0.319, 0.319, 0.319, 0.319, 0.319]  max_acc: 0.326
2023-04-02 09:29:00,083 - /home/lames/code/Gcode/FedGraph/main.py[line:171] - ERROR: 1520
2023-04-02 10:00:37,248 - /home/lames/code/Gcode/FedGraph/ServerManager.py[line:110] - ERROR: client_num: 92 round: 20 epoch: 20  acc: [0.151, 0.386, 0.386, 0.195, 0.195, 0.222, 0.222, 0.227, 0.227, 0.166, 0.166, 0.151, 0.151, 0.13, 0.13, 0.13, 0.13, 0.13, 0.13, 0.13, 0.13, 0.13, 0.13, 0.13, 0.13, 0.13, 0.13, 0.13, 0.13, 0.13, 0.13, 0.131, 0.131, 0.134, 0.134, 0.135, 0.135, 0.134, 0.134, 0.135, 0.135]  max_acc: 0.386
2023-04-02 10:00:58,335 - /home/lames/code/Gcode/FedGraph/main.py[line:171] - ERROR: 2037
2023-04-02 10:33:15,980 - /home/lames/code/Gcode/FedGraph/ServerManager.py[line:110] - ERROR: client_num: 94 round: 20 epoch: 20  acc: [0.111, 0.134, 0.134, 0.18, 0.18, 0.144, 0.144, 0.144, 0.144, 0.144, 0.144, 0.144, 0.144, 0.144, 0.144, 0.144, 0.144, 0.147, 0.147, 0.13, 0.13, 0.13, 0.13, 0.13, 0.13, 0.13, 0.13, 0.13, 0.13, 0.131, 0.131, 0.15, 0.15, 0.15, 0.15, 0.137, 0.137, 0.149, 0.149, 0.125, 0.125]  max_acc: 0.18
2023-04-02 10:33:40,153 - /home/lames/code/Gcode/FedGraph/main.py[line:171] - ERROR: 1740
2023-04-02 11:06:41,512 - /home/lames/code/Gcode/FedGraph/ServerManager.py[line:110] - ERROR: client_num: 96 round: 20 epoch: 20  acc: [0.144, 0.317, 0.317, 0.181, 0.181, 0.366, 0.366, 0.381, 0.381, 0.319, 0.319, 0.319, 0.319, 0.319, 0.319, 0.319, 0.319, 0.319, 0.319, 0.319, 0.319, 0.319, 0.319, 0.319, 0.319, 0.319, 0.319, 0.319, 0.319, 0.319, 0.319, 0.319, 0.319, 0.319, 0.319, 0.319, 0.319, 0.319, 0.319, 0.319, 0.319]  max_acc: 0.381
2023-04-02 11:07:04,335 - /home/lames/code/Gcode/FedGraph/main.py[line:171] - ERROR: 1814
2023-04-02 11:40:47,514 - /home/lames/code/Gcode/FedGraph/ServerManager.py[line:110] - ERROR: client_num: 98 round: 20 epoch: 20  acc: [0.145, 0.196, 0.196, 0.145, 0.145, 0.147, 0.147, 0.132, 0.132, 0.13, 0.13, 0.13, 0.13, 0.134, 0.134, 0.328, 0.328, 0.319, 0.319, 0.319, 0.319, 0.319, 0.319, 0.319, 0.319, 0.319, 0.319, 0.319, 0.319, 0.319, 0.319, 0.319, 0.319, 0.319, 0.319, 0.319, 0.319, 0.319, 0.319, 0.319, 0.319]  max_acc: 0.328
2023-04-02 11:41:10,884 - /home/lames/code/Gcode/FedGraph/main.py[line:171] - ERROR: 2457
2023-04-02 12:15:39,945 - /home/lames/code/Gcode/FedGraph/ServerManager.py[line:110] - ERROR: client_num: 100 round: 20 epoch: 20  acc: [0.138, 0.103, 0.103, 0.103, 0.103, 0.103, 0.103, 0.103, 0.103, 0.136, 0.136, 0.317, 0.317, 0.319, 0.319, 0.319, 0.319, 0.319, 0.319, 0.319, 0.319, 0.319, 0.319, 0.319, 0.319, 0.319, 0.319, 0.319, 0.319, 0.319, 0.319, 0.319, 0.319, 0.319, 0.319, 0.319, 0.319, 0.319, 0.319, 0.319, 0.319]  max_acc: 0.319
